<?xml version="1.0" encoding="UTF-8"?>
<robot generator="Robot 3.0 (Jython 2.7.0 on java1.8.0_121)" generated="20170208 15:21:18.051">
<suite source="C:\Users\moonb\OneDrive\Documents\1Spring2017\Software\Project 4\custom-widget\src\test\acceptancetest" name="Acceptancetest" id="s1">
<suite source="C:\Users\moonb\OneDrive\Documents\1Spring2017\Software\Project 4\custom-widget\src\test\acceptancetest\CustomWidgetTests.robot" name="CustomWidgetTests" id="s1-s1">
<test name="Hexagon Is Selected Initially" id="s1-s1-t1">
<kw library="SwingLibrary" name="Start Application">
<doc>Alias for `Launch Application` keyword</doc>
<arguments>
<arg>edu.jsu.mcis.Main</arg>
</arguments>
<status endtime="20170208 15:21:23.045" starttime="20170208 15:21:22.957" status="PASS"></status>
</kw>
<kw library="SwingLibrary" name="Select Window">
<doc>Selects a window as current context and sets focus to it.</doc>
<arguments>
<arg>Main</arg>
</arguments>
<status endtime="20170208 15:21:23.733" starttime="20170208 15:21:23.060" status="PASS"></status>
</kw>
<kw library="SwingLibrary" name="Label Text Should Be">
<doc>Checks the equality of given text and the text displayed on a label.</doc>
<arguments>
<arg>label</arg>
<arg>Hexagon</arg>
</arguments>
<status endtime="20170208 15:21:23.873" starttime="20170208 15:21:23.740" status="PASS"></status>
</kw>
<kw library="SwingLibrary" name="Close Window">
<doc>Closes a window.</doc>
<arguments>
<arg>Main</arg>
</arguments>
<status endtime="20170208 15:21:24.366" starttime="20170208 15:21:23.879" status="PASS"></status>
</kw>
<status critical="yes" endtime="20170208 15:21:24.373" starttime="20170208 15:21:22.924" status="PASS"></status>
</test>
<test name="Octagon Is Selected After Center Click" id="s1-s1-t2">
<kw library="SwingLibrary" name="Start Application">
<doc>Alias for `Launch Application` keyword</doc>
<arguments>
<arg>edu.jsu.mcis.Main</arg>
</arguments>
<status endtime="20170208 15:21:24.570" starttime="20170208 15:21:24.433" status="PASS"></status>
</kw>
<kw library="SwingLibrary" name="Select Window">
<doc>Selects a window as current context and sets focus to it.</doc>
<arguments>
<arg>Main</arg>
</arguments>
<status endtime="20170208 15:21:24.671" starttime="20170208 15:21:24.573" status="PASS"></status>
</kw>
<kw library="keywords.CustomWidgetKeywords" name="Click Octagon">
<status endtime="20170208 15:21:24.999" starttime="20170208 15:21:24.677" status="PASS"></status>
</kw>
<kw library="SwingLibrary" name="Label Text Should Be">
<doc>Checks the equality of given text and the text displayed on a label.</doc>
<arguments>
<arg>label</arg>
<arg>Octagon</arg>
</arguments>
<status endtime="20170208 15:21:25.047" starttime="20170208 15:21:25.007" status="PASS"></status>
</kw>
<kw library="SwingLibrary" name="Close Window">
<doc>Closes a window.</doc>
<arguments>
<arg>Main</arg>
</arguments>
<status endtime="20170208 15:21:25.295" starttime="20170208 15:21:25.050" status="PASS"></status>
</kw>
<status critical="yes" endtime="20170208 15:21:25.299" starttime="20170208 15:21:24.401" status="PASS"></status>
</test>
<test name="Widget Is Unchanged After Edge Click" id="s1-s1-t3">
<kw library="SwingLibrary" name="Start Application">
<doc>Alias for `Launch Application` keyword</doc>
<arguments>
<arg>edu.jsu.mcis.Main</arg>
</arguments>
<status endtime="20170208 15:21:25.485" starttime="20170208 15:21:25.331" status="PASS"></status>
</kw>
<kw library="SwingLibrary" name="Select Window">
<doc>Selects a window as current context and sets focus to it.</doc>
<arguments>
<arg>Main</arg>
</arguments>
<status endtime="20170208 15:21:25.564" starttime="20170208 15:21:25.490" status="PASS"></status>
</kw>
<kw library="keywords.CustomWidgetKeywords" name="Click Custom Widget Outside">
<status endtime="20170208 15:21:26.042" starttime="20170208 15:21:25.567" status="PASS"></status>
</kw>
<kw library="SwingLibrary" name="Label Text Should Be">
<doc>Checks the equality of given text and the text displayed on a label.</doc>
<arguments>
<arg>label</arg>
<arg>Hexagon</arg>
</arguments>
<status endtime="20170208 15:21:26.128" starttime="20170208 15:21:26.060" status="PASS"></status>
</kw>
<kw library="SwingLibrary" name="Close Window">
<doc>Closes a window.</doc>
<arguments>
<arg>Main</arg>
</arguments>
<status endtime="20170208 15:21:26.362" starttime="20170208 15:21:26.135" status="PASS"></status>
</kw>
<status critical="yes" endtime="20170208 15:21:26.375" starttime="20170208 15:21:25.311" status="PASS"></status>
</test>
<test name="Widget Toggles With Successive Center Clicks" id="s1-s1-t4">
<kw library="SwingLibrary" name="Start Application">
<doc>Alias for `Launch Application` keyword</doc>
<arguments>
<arg>edu.jsu.mcis.Main</arg>
</arguments>
<status endtime="20170208 15:21:26.435" starttime="20170208 15:21:26.397" status="PASS"></status>
</kw>
<kw library="SwingLibrary" name="Select Window">
<doc>Selects a window as current context and sets focus to it.</doc>
<arguments>
<arg>Main</arg>
</arguments>
<status endtime="20170208 15:21:26.486" starttime="20170208 15:21:26.444" status="PASS"></status>
</kw>
<kw library="keywords.CustomWidgetKeywords" name="Click Octagon">
<status endtime="20170208 15:21:26.555" starttime="20170208 15:21:26.504" status="PASS"></status>
</kw>
<kw library="SwingLibrary" name="Label Text Should Be">
<doc>Checks the equality of given text and the text displayed on a label.</doc>
<arguments>
<arg>label</arg>
<arg>Octagon</arg>
</arguments>
<status endtime="20170208 15:21:26.581" starttime="20170208 15:21:26.558" status="PASS"></status>
</kw>
<kw library="keywords.CustomWidgetKeywords" name="Click Hexagon">
<status endtime="20170208 15:21:26.656" starttime="20170208 15:21:26.587" status="PASS"></status>
</kw>
<kw library="SwingLibrary" name="Label Text Should Be">
<doc>Checks the equality of given text and the text displayed on a label.</doc>
<arguments>
<arg>label</arg>
<arg>Hexagon</arg>
</arguments>
<status endtime="20170208 15:21:26.687" starttime="20170208 15:21:26.659" status="PASS"></status>
</kw>
<kw library="SwingLibrary" name="Close Window">
<doc>Closes a window.</doc>
<arguments>
<arg>Main</arg>
</arguments>
<status endtime="20170208 15:21:26.895" starttime="20170208 15:21:26.691" status="PASS"></status>
</kw>
<status critical="yes" endtime="20170208 15:21:26.897" starttime="20170208 15:21:26.389" status="PASS"></status>
</test>
<status endtime="20170208 15:21:26.938" starttime="20170208 15:21:19.958" status="PASS"></status>
</suite>
<status endtime="20170208 15:21:27.049" starttime="20170208 15:21:18.154" status="PASS"></status>
</suite>
<statistics>
<total>
<stat pass="4" fail="0">Critical Tests</stat>
<stat pass="4" fail="0">All Tests</stat>
</total>
<tag>
</tag>
<suite>
<stat pass="4" fail="0" name="Acceptancetest" id="s1">Acceptancetest</stat>
<stat pass="4" fail="0" name="CustomWidgetTests" id="s1-s1">Acceptancetest.CustomWidgetTests</stat>
</suite>
</statistics>
<errors>
</errors>
</robot>
